TN:
SF:src\views\dashboard\backuplog\index.js
FN:2,getJson
FN:15,getJsonString
FN:35,completeJsonData
FN:43,checkType
FNF:4
FNH:1
FNDA:0,getJson
FNDA:0,getJsonString
FNDA:0,completeJsonData
FNDA:1,checkType
DA:1,1
DA:2,1
DA:3,0
DA:4,0
DA:5,0
DA:6,0
DA:7,0
DA:8,0
DA:9,0
DA:10,0
DA:11,0
DA:12,0
DA:13,1
DA:14,1
DA:15,1
DA:16,0
DA:17,0
DA:18,0
DA:19,0
DA:20,0
DA:21,0
DA:22,0
DA:23,0
DA:24,0
DA:25,0
DA:26,0
DA:27,1
DA:28,1
DA:29,1
DA:30,1
DA:31,1
DA:32,1
DA:33,1
DA:34,1
DA:35,1
DA:36,0
DA:37,0
DA:38,0
DA:39,0
DA:40,0
DA:41,1
DA:42,1
DA:43,1
DA:44,1
DA:45,1
DA:46,0
DA:47,1
DA:48,1
DA:49,1
DA:50,1
DA:51,0
DA:52,0
DA:53,1
DA:54,1
LF:54
LH:25
BRDA:43,0,0,1
BRDA:45,1,0,0
BRDA:50,2,0,0
BRF:3
BRH:1
end_of_record
TN:
SF:src\views\dashboard\backuplog\goodsorder\index.js
FN:7,keyOptioner
FN:19,paramFieldFilter
FN:21,operateJson
FNF:3
FNH:3
FNDA:1,keyOptioner
FNDA:1,paramFieldFilter
FNDA:1,operateJson
DA:1,1
DA:2,1
DA:3,1
DA:4,1
DA:5,1
DA:6,1
DA:7,1
DA:8,1
DA:9,6
DA:10,6
DA:11,6
DA:12,1
DA:13,1
DA:14,1
DA:15,1
DA:16,1
DA:17,1
DA:18,1
DA:19,1
DA:20,1
DA:21,1
DA:22,1
DA:23,1
DA:24,6
DA:25,6
DA:26,18
DA:27,4
DA:28,4
DA:29,6
DA:30,6
DA:31,1
DA:32,1
DA:33,1
DA:34,1
DA:35,1
DA:36,1
DA:37,0
DA:38,0
DA:39,0
DA:40,0
DA:41,1
LF:41
LH:37
BRDA:7,0,0,1
BRDA:8,1,0,6
BRDA:19,2,0,1
BRDA:36,3,0,0
BRDA:21,4,0,1
BRDA:23,5,0,6
BRDA:25,6,0,18
BRDA:26,7,0,17
BRDA:26,8,0,4
BRF:9
BRH:8
end_of_record
